Arguments: 
  D:\nodejs\node.exe D:\nodejs\node_modules\yarn\bin\yarn.js add snowack -D

PATH: 
  D:\devkitPro\msys2\usr\bin;C:\Program Files\Java\jdk-16.0.1\bin;C:\Program Files\AdoptOpenJDK\jdk-11.0.9.101-hotspot\bin;C:\Program Files\Common Files\Oracle\Java\javapath;C:\Program Files (x86)\Common Files\Oracle\Java\javapath;C:\Windows\system32;C:\Windows;C:\Windows\System32\Wbem;C:\Windows\System32\WindowsPowerShell\v1.0\;C:\Windows\System32\OpenSSH\;C:\Program Files\NVIDIA Corporation\NVIDIA NvDLISR;C:\Program Files (x86)\NVIDIA Corporation\PhysX\Common;C:\Program Files\Wolfram Research\WolframScript\;C:\Program Files\dotnet\;C:\WINDOWS\system32;C:\WINDOWS;C:\WINDOWS\System32\Wbem;C:\WINDOWS\System32\WindowsPowerShell\v1.0\;C:\WINDOWS\System32\OpenSSH\;D:\Haxe Toolkit\haxe;D:\Haxe Toolkit\neko;C:\Program Files\CMake\bin;C:\ProgramData\chocolatey\bin;D:\Git\cmd;D:\nodejs\;C:\Program Files (x86)\ZeroTier\One\;C:\Program Files\Cloudflare\Cloudflare WARP\;D:\Scoop\shims;C:\Users\ender\AppData\Local\Programs\Python\Python37\Scripts\;C:\Users\ender\AppData\Local\Programs\Python\Python37\;D:\BCML\bin;D:\Python3.9.1\Scripts\;D:\Python3.9.1\;C:\Users\ender\AppData\Local\Microsoft\WindowsApps;D:\Microsoft VS Code\bin;C:\Users\ender\AppData\Local\GitHubDesktop\bin;C:\tools\dart-sdk\bin;C:\Users\ender\AppData\Roaming\Pub\Cache\bin;C:\Users\ender\AppData\Local\Microsoft\WindowsApps;C:\Users\ender\AppData\Local\atom\bin;D:\Flutter\bin;C:\Users\ender\.dotnet\tools;C:\Users\ender\AppData\Roaming\npm;D:\Brackets\;C:\Users\ender\spicetify-cli

Yarn version: 
  1.22.10

Node version: 
  17.2.0

Platform: 
  win32 x64

Trace: 
  Error: https://registry.yarnpkg.com/snowack: Not found
      at Request.params.callback [as _callback] (D:\nodejs\node_modules\yarn\lib\cli.js:66988:18)
      at Request.self.callback (D:\nodejs\node_modules\yarn\lib\cli.js:140662:22)
      at Request.emit (node:events:390:28)
      at Request.<anonymous> (D:\nodejs\node_modules\yarn\lib\cli.js:141634:10)
      at Request.emit (node:events:390:28)
      at IncomingMessage.<anonymous> (D:\nodejs\node_modules\yarn\lib\cli.js:141556:12)
      at Object.onceWrapper (node:events:509:28)
      at IncomingMessage.emit (node:events:402:35)
      at endReadableNT (node:internal/streams/readable:1343:12)
      at processTicksAndRejections (node:internal/process/task_queues:83:21)

npm manifest: 
  {
    "dependencies": {
      "svelte": "^3.48.0"
    }
  }

yarn manifest: 
  No manifest

Lockfile: 
  # THIS IS AN AUTOGENERATED FILE. DO NOT EDIT THIS FILE DIRECTLY.
  # yarn lockfile v1
  
  
  svelte@^3.48.0:
    version "3.48.0"
    resolved "https://registry.yarnpkg.com/svelte/-/svelte-3.48.0.tgz#f98c866d45e155bad8e1e88f15f9c03cd28753d3"
    integrity sha512-fN2YRm/bGumvjUpu6yI3BpvZnpIm9I6A7HR4oUNYd7ggYyIwSA/BX7DJ+UXXffLp6XNcUijyLvttbPVCYa/3xQ==
